app/build/intermediates/manifest_merge_blame_file/debug/manifest-merger-blame-debug-report.txt
1<?xml version="1.0" encoding="utf-8"?>
2<manifest xmlns:android="http://schemas.android.com/apk/res/android"
3    package="com.chananya.OmerCount2"
4    android:versionCode="1"
5    android:versionName="1.0" >
6
7    <uses-sdk
8        android:minSdkVersion="19"
8-->src\main\AndroidManifest.xml
9        android:targetSdkVersion="27" />
9-->src\main\AndroidManifest.xml
10
11    <application
11-->src\main\AndroidManifest.xml:5:2-30:16
12        android:allowBackup="true"
12-->src\main\AndroidManifest.xml:6:3-29
13        android:debuggable="true"
14        android:icon="@drawable/app_icon"
14-->src\main\AndroidManifest.xml:7:3-36
15        android:label="@string/app_name"
15-->src\main\AndroidManifest.xml:8:3-35
16        android:largeHeap="true"
16-->src\main\AndroidManifest.xml:9:3-27
17        android:supportsRtl="true"
17-->src\main\AndroidManifest.xml:10:3-29
18        android:testOnly="true"
19        android:theme="@style/AppTheme" >
19-->src\main\AndroidManifest.xml:11:3-34
20        <activity android:name="com.chananya.OmerCount2.SettingsActivity" />
20-->src\main\AndroidManifest.xml:13:3-57
20-->src\main\AndroidManifest.xml:13:13-45
21        <activity
21-->src\main\AndroidManifest.xml:15:3-24:14
22            android:name="com.chananya.OmerCount2.MainActivity"
22-->src\main\AndroidManifest.xml:16:4-32
23            android:configChanges="orientation|screenSize"
23-->src\main\AndroidManifest.xml:17:4-50
24            android:screenOrientation="portrait" >
24-->src\main\AndroidManifest.xml:18:4-40
25            <intent-filter>
25-->src\main\AndroidManifest.xml:19:4-23:20
26                <action android:name="android.intent.action.MAIN" />
26-->src\main\AndroidManifest.xml:20:5-57
26-->src\main\AndroidManifest.xml:20:13-54
27
28                <category android:name="android.intent.category.LAUNCHER" />
28-->src\main\AndroidManifest.xml:22:5-65
28-->src\main\AndroidManifest.xml:22:15-62
29            </intent-filter>
30        </activity>
31
32        <receiver
32-->src\main\AndroidManifest.xml:26:3-29:31
33            android:name="com.chananya.OmerCount2.ReminderReceiver"
33-->src\main\AndroidManifest.xml:27:4-36
34            android:enabled="true"
34-->src\main\AndroidManifest.xml:28:4-26
35            android:exported="false" />
35-->src\main\AndroidManifest.xml:29:4-28
36
37        <meta-data
37-->[android.arch.lifecycle:runtime:1.0.0] AndroidManifest.xml:25:9-27:47
38            android:name="android.arch.lifecycle.VERSION"
38-->[android.arch.lifecycle:runtime:1.0.0] AndroidManifest.xml:26:13-58
39            android:value="27.0.0-SNAPSHOT" />
39-->[android.arch.lifecycle:runtime:1.0.0] AndroidManifest.xml:27:13-44
40    </application>
41
42</manifest>